<?xml version="1.0" encoding="UTF-8"?>
<testng-results ignored="0" total="1" passed="1" failed="0" skipped="0">
  <reporter-output>
  </reporter-output>
  <suite started-at="2024-02-10T21:26:41 IST" name="Default suite" finished-at="2024-02-10T21:26:46 IST" duration-ms="5678">
    <groups>
    </groups>
    <test started-at="2024-02-10T21:26:41 IST" name="Default test" finished-at="2024-02-10T21:26:46 IST" duration-ms="5678">
      <class name="ps_Five.Jenkins_01">
        <test-method is-config="true" signature="setUp()[pri:0, instance:ps_Five.Jenkins_01@2f9f7dcf]" started-at="2024-02-10T21:26:41 IST" name="setUp" finished-at="2024-02-10T21:26:45 IST" duration-ms="3960" status="PASS">
          <reporter-output>
          </reporter-output>
        </test-method> <!-- setUp -->
        <test-method signature="testLogin()[pri:0, instance:ps_Five.Jenkins_01@2f9f7dcf]" started-at="2024-02-10T21:26:45 IST" name="testLogin" finished-at="2024-02-10T21:26:46 IST" duration-ms="1568" status="PASS">
          <reporter-output>
          </reporter-output>
        </test-method> <!-- testLogin -->
        <test-method is-config="true" signature="tearDown()[pri:0, instance:ps_Five.Jenkins_01@2f9f7dcf]" started-at="2024-02-10T21:26:46 IST" name="tearDown" finished-at="2024-02-10T21:26:46 IST" duration-ms="117" status="PASS">
          <reporter-output>
          </reporter-output>
        </test-method> <!-- tearDown -->
      </class> <!-- ps_Five.Jenkins_01 -->
    </test> <!-- Default test -->
  </suite> <!-- Default suite -->
</testng-results>
